  [4;36;1mSQL (0.000259)[0m   [0;1m SELECT name
 FROM sqlite_master
 WHERE type = 'table' AND NOT name = 'sqlite_sequence'
[0m
  [4;35;1mSQL (0.000196)[0m   [0mselect sqlite_version(*)[0m
  [4;36;1mSQL (0.001420)[0m   [0;1mCREATE TABLE schema_info (version integer)[0m
  [4;35;1mSQL (0.001086)[0m   [0mINSERT INTO schema_info (version) VALUES(0)[0m
  [4;36;1mSQL (0.000000)[0m   [0;1mSQLite3::SQLException: table schema_info already exists: CREATE TABLE schema_info (version integer)[0m
  [4;35;1mSQL (0.000167)[0m   [0mSELECT * FROM schema_info[0m
  [4;36;1mSQL (0.000162)[0m   [0;1m SELECT name
 FROM sqlite_master
 WHERE type = 'table' AND NOT name = 'sqlite_sequence'
[0m
  [4;36;1mSQL (0.000407)[0m   [0;1m SELECT name
 FROM sqlite_master
 WHERE type = 'table' AND NOT name = 'sqlite_sequence'
[0m
  [4;36;1mSQL (0.000261)[0m   [0;1m SELECT name
 FROM sqlite_master
 WHERE type = 'table' AND NOT name = 'sqlite_sequence'
[0m
  [4;35;1mSQL (0.000198)[0m   [0mselect sqlite_version(*)[0m
  [4;36;1mSQL (0.001447)[0m   [0;1mCREATE TABLE schema_info (version integer)[0m
  [4;35;1mSQL (0.001044)[0m   [0mINSERT INTO schema_info (version) VALUES(0)[0m
  [4;36;1mSQL (0.000000)[0m   [0;1mSQLite3::SQLException: table schema_info already exists: CREATE TABLE schema_info (version integer)[0m
  [4;35;1mSQL (0.000180)[0m   [0mSELECT * FROM schema_info[0m
  [4;36;1mSQL (0.000161)[0m   [0;1m SELECT name
 FROM sqlite_master
 WHERE type = 'table' AND NOT name = 'sqlite_sequence'
[0m
  [4;36;1mSQL (0.000263)[0m   [0;1m SELECT name
 FROM sqlite_master
 WHERE type = 'table' AND NOT name = 'sqlite_sequence'
[0m
  [4;35;1mSQL (0.000201)[0m   [0mselect sqlite_version(*)[0m
  [4;36;1mSQL (0.001620)[0m   [0;1mCREATE TABLE schema_info (version integer)[0m
  [4;35;1mSQL (0.001188)[0m   [0mINSERT INTO schema_info (version) VALUES(0)[0m
  [4;36;1mSQL (0.000000)[0m   [0;1mSQLite3::SQLException: table schema_info already exists: CREATE TABLE schema_info (version integer)[0m
  [4;35;1mSQL (0.000172)[0m   [0mSELECT * FROM schema_info[0m
  [4;36;1mSQL (0.000160)[0m   [0;1m SELECT name
 FROM sqlite_master
 WHERE type = 'table' AND NOT name = 'sqlite_sequence'
[0m
  [4;36;1mSQL (0.000404)[0m   [0;1m SELECT name
 FROM sqlite_master
 WHERE type = 'table' AND NOT name = 'sqlite_sequence'
[0m
  [4;35;1mSQL (0.000173)[0m   [0m SELECT name
 FROM sqlite_master
 WHERE type = 'table' AND NOT name = 'sqlite_sequence'
[0m
  [4;36;1mSQL (0.000159)[0m   [0;1m SELECT name
 FROM sqlite_master
 WHERE type = 'table' AND NOT name = 'sqlite_sequence'
[0m
  [4;35;1mSQL (0.000109)[0m   [0mselect sqlite_version(*)[0m
  [4;36;1mSQL (0.000409)[0m   [0;1m SELECT name
 FROM sqlite_master
 WHERE type = 'table' AND NOT name = 'sqlite_sequence'
[0m
  [4;35;1mSQL (0.000161)[0m   [0mselect sqlite_version(*)[0m
  [4;36;1mSQL (0.000000)[0m   [0;1mSQLite3::SQLException: table schema_info already exists: CREATE TABLE schema_info (version integer)[0m
  [4;35;1mSQL (0.000000)[0m   [0mSQLite3::SQLException: table schema_info already exists: CREATE TABLE schema_info (version integer)[0m
  [4;36;1mSQL (0.000177)[0m   [0;1mSELECT version FROM schema_info[0m
Migrating to CreateUsers (1)
  [4;35;1mSQL (0.001718)[0m   [0mCREATE TABLE users ("id" INTEGER PRIMARY KEY AUTOINCREMENT NOT NULL, "salt" varchar(40) DEFAULT NULL, "updated_at" datetime DEFAULT NULL, "crypted_password" varchar(40) DEFAULT NULL, "username" varchar(255) DEFAULT NULL, "remember_token_expires_at" datetime DEFAULT NULL, "administrator" boolean DEFAULT 'f', "remember_token" varchar(255) DEFAULT NULL, "created_at" datetime DEFAULT NULL) [0m
  [4;36;1mSQL (0.001180)[0m   [0;1mUPDATE schema_info SET version = 1[0m
  [4;35;1mSQL (0.000164)[0m   [0mSELECT * FROM schema_info[0m
  [4;36;1mSQL (0.000199)[0m   [0;1m SELECT name
 FROM sqlite_master
 WHERE type = 'table' AND NOT name = 'sqlite_sequence'
[0m
  [4;35;1mSQL (0.000068)[0m   [0mPRAGMA index_list(users)[0m
  [4;36;1mSQL (0.000514)[0m   [0;1m SELECT name
 FROM sqlite_master
 WHERE type = 'table' AND NOT name = 'sqlite_sequence'
[0m


Processing FrontController#index (for 127.0.0.1 at 2008-05-19 17:05:02) [GET]
  Session ID: 803cfe2deab8b4f18ed49202a7d0e6ff
  Parameters: {"action"=>"index", "controller"=>"front"}
Rendering front/index
  DRYML: Compiled /Library/Ruby/Gems/1.8/gems/hobo-0.7.5/lib/../taglibs/core.dryml in 0.01s
  DRYML: Compiled /Library/Ruby/Gems/1.8/gems/hobo-0.7.5/lib/../taglibs/rapid_support.dryml in 0.01s
  DRYML: Compiled /Library/Ruby/Gems/1.8/gems/hobo-0.7.5/lib/../taglibs/rapid_document_tags.dryml in 0.03s
  DRYML: Compiled /Library/Ruby/Gems/1.8/gems/hobo-0.7.5/lib/../taglibs/rapid_pages.dryml in 0.31s
  DRYML: Compiled /Library/Ruby/Gems/1.8/gems/hobo-0.7.5/lib/../taglibs/rapid_editing.dryml in 0.12s
  DRYML: Compiled /Library/Ruby/Gems/1.8/gems/hobo-0.7.5/lib/../taglibs/rapid_forms.dryml in 0.07s
  DRYML: Compiled /Library/Ruby/Gems/1.8/gems/hobo-0.7.5/lib/../taglibs/rapid_navigation.dryml in 0.10s
  DRYML: Compiled /Library/Ruby/Gems/1.8/gems/hobo-0.7.5/lib/../taglibs/rapid_plus.dryml in 0.03s
  DRYML: Compiled /Library/Ruby/Gems/1.8/gems/hobo-0.7.5/lib/../taglibs/rapid_generics.dryml in 0.11s
  DRYML: Compiled /Library/Ruby/Gems/1.8/gems/hobo-0.7.5/lib/../taglibs/rapid.dryml in 0.94s
  DRYML: Compiled /app/views/taglibs/themes/clean/clean.dryml in 0.01s
  DRYML: Compiled /app/views/taglibs/application.dryml in 0.95s
  DRYML: Compiled app/views/front/index.dryml in 1.00s
Completed in 1.01551 (0 reqs/sec) | Rendering: 1.01418 (99%) | DB: 0.00051 (0%) | 200 OK [http://localhost/]
  [4;36;1mSQL (0.000509)[0m   [0;1m SELECT name
 FROM sqlite_master
 WHERE type = 'table' AND NOT name = 'sqlite_sequence'
[0m


Processing UsersController#signup (for 127.0.0.1 at 2008-05-19 17:12:38) [GET]
  Session ID: BAh7BzoMY3NyZl9pZCIlMmQyZTk5NmI0ZmY1YjFkYjUyYjdmMTYxMTJhMDA3%0AN2EiCmZsYXNoSUM6J0FjdGlvbkNvbnRyb2xsZXI6OkZsYXNoOjpGbGFzaEhh%0Ac2h7AAY6CkB1c2VkewA%3D--e7e20f292fa31e5bc4b6515cf8282b5527e2b2e2
  Parameters: {"action"=>"signup", "controller"=>"users"}
  DRYML: Compiled /Library/Ruby/Gems/1.8/gems/hobo-0.7.5/lib/../taglibs/core.dryml in 0.01s
  DRYML: Compiled /Library/Ruby/Gems/1.8/gems/hobo-0.7.5/lib/../taglibs/rapid_support.dryml in 0.01s
  DRYML: Compiled /Library/Ruby/Gems/1.8/gems/hobo-0.7.5/lib/../taglibs/rapid_document_tags.dryml in 0.03s
  DRYML: Compiled /Library/Ruby/Gems/1.8/gems/hobo-0.7.5/lib/../taglibs/rapid_pages.dryml in 0.31s
  DRYML: Compiled /Library/Ruby/Gems/1.8/gems/hobo-0.7.5/lib/../taglibs/rapid_editing.dryml in 0.10s
  DRYML: Compiled /Library/Ruby/Gems/1.8/gems/hobo-0.7.5/lib/../taglibs/rapid_forms.dryml in 0.07s
  DRYML: Compiled /Library/Ruby/Gems/1.8/gems/hobo-0.7.5/lib/../taglibs/rapid_navigation.dryml in 0.10s
  DRYML: Compiled /Library/Ruby/Gems/1.8/gems/hobo-0.7.5/lib/../taglibs/rapid_plus.dryml in 0.03s
  DRYML: Compiled /Library/Ruby/Gems/1.8/gems/hobo-0.7.5/lib/../taglibs/rapid_generics.dryml in 0.11s
  DRYML: Compiled /Library/Ruby/Gems/1.8/gems/hobo-0.7.5/lib/../taglibs/rapid.dryml in 0.91s
  DRYML: Compiled /app/views/taglibs/themes/clean/clean.dryml in 0.01s
  DRYML: Compiled /app/views/taglibs/application.dryml in 0.92s
  DRYML: Compiled /Library/Ruby/Gems/1.8/gems/hobo-0.7.5/lib/../taglibs/rapid_user_pages.dryml in 0.06s
  DRYML: Compiled users/[tag-page] in 1.00s
Completed in 1.02019 (0 reqs/sec) | Rendering: 1.01669 (99%) | DB: 0.00051 (0%) | 200 OK [http://localhost/signup]
  [4;35;1mSQL (0.000415)[0m   [0m SELECT name
 FROM sqlite_master
 WHERE type = 'table' AND NOT name = 'sqlite_sequence'
[0m


Processing UsersController#signup (for 127.0.0.1 at 2008-05-19 17:13:33) [POST]
  Session ID: BAh7BzoMY3NyZl9pZCIlMmQyZTk5NmI0ZmY1YjFkYjUyYjdmMTYxMTJhMDA3%0AN2EiCmZsYXNoSUM6J0FjdGlvbkNvbnRyb2xsZXI6OkZsYXNoOjpGbGFzaEhh%0Ac2h7AAY6CkB1c2VkewA%3D--e7e20f292fa31e5bc4b6515cf8282b5527e2b2e2
  Parameters: {"user"=>{"password_confirmation"=>"[FILTERED]", "password"=>"[FILTERED]", "login"=>"drnic"}, "page_path"=>"users/signup", "action"=>"signup", "authenticity_token"=>"84239c0afb1c6a154c9994422dd27a688a043abd", "controller"=>"users"}
  [4;36;1mUser Load (0.000153)[0m   [0;1mSELECT * FROM users WHERE (LOWER(users.username) = 'drnic') LIMIT 1[0m
  [4;35;1mSQL (0.000130)[0m   [0mSELECT count(*) AS count_all FROM users [0m
  [4;36;1mUser Create (0.000357)[0m   [0;1mINSERT INTO users ("salt", "updated_at", "crypted_password", "remember_token_expires_at", "username", "administrator", "remember_token", "created_at") VALUES('ad2f68125a03a534030ca61784702197ff879b22', '2008-05-19 17:13:33', 'a75243418d1cfbf0c96574060b4b18ae4d92c064', NULL, 'drnic', 't', NULL, '2008-05-19 17:13:33')[0m
Redirected to http://localhost:3000
Completed in 0.00862 (116 reqs/sec) | DB: 0.00106 (12%) | 302 Found [http://localhost/signup]


Processing FrontController#index (for 127.0.0.1 at 2008-05-19 17:13:33) [GET]
  Session ID: BAh7CToMY3NyZl9pZCIlMmQyZTk5NmI0ZmY1YjFkYjUyYjdmMTYxMTJhMDA3%0AN2E6CXVzZXIiC3VzZXJfMToOcmV0dXJuX3RvMCIKZmxhc2hJQzonQWN0aW9u%0AQ29udHJvbGxlcjo6Rmxhc2g6OkZsYXNoSGFzaHsGOgtub3RpY2UiG1RoYW5r%0AcyBmb3Igc2lnbmluZyB1cCEGOgpAdXNlZHsGOwlU--7c8773e00dd31f9129a285dbb1723bf0e5e44115
  Parameters: {"action"=>"index", "controller"=>"front"}
Rendering front/index
  DRYML: Compiled /Library/Ruby/Gems/1.8/gems/hobo-0.7.5/lib/../taglibs/core.dryml in 0.01s
  DRYML: Compiled /Library/Ruby/Gems/1.8/gems/hobo-0.7.5/lib/../taglibs/rapid_support.dryml in 0.01s
  DRYML: Compiled /Library/Ruby/Gems/1.8/gems/hobo-0.7.5/lib/../taglibs/rapid_document_tags.dryml in 0.03s
  DRYML: Compiled /Library/Ruby/Gems/1.8/gems/hobo-0.7.5/lib/../taglibs/rapid_pages.dryml in 0.32s
  DRYML: Compiled /Library/Ruby/Gems/1.8/gems/hobo-0.7.5/lib/../taglibs/rapid_editing.dryml in 0.10s
  DRYML: Compiled /Library/Ruby/Gems/1.8/gems/hobo-0.7.5/lib/../taglibs/rapid_forms.dryml in 0.07s
  DRYML: Compiled /Library/Ruby/Gems/1.8/gems/hobo-0.7.5/lib/../taglibs/rapid_navigation.dryml in 0.04s
  DRYML: Compiled /Library/Ruby/Gems/1.8/gems/hobo-0.7.5/lib/../taglibs/rapid_plus.dryml in 0.09s
  DRYML: Compiled /Library/Ruby/Gems/1.8/gems/hobo-0.7.5/lib/../taglibs/rapid_generics.dryml in 0.05s
  DRYML: Compiled /Library/Ruby/Gems/1.8/gems/hobo-0.7.5/lib/../taglibs/rapid.dryml in 0.88s
  DRYML: Compiled (from cache) /app/views/taglibs/themes/clean/clean.dryml in 0.00s
  DRYML: Compiled (from cache) /app/views/taglibs/application.dryml in 0.88s
  DRYML: Compiled app/views/front/index.dryml in 0.90s
  [4;35;1mSQL (0.000437)[0m   [0m SELECT name
 FROM sqlite_master
 WHERE type = 'table' AND NOT name = 'sqlite_sequence'
[0m
  [4;36;1mUser Load (0.000378)[0m   [0;1mSELECT * FROM users WHERE (users."id" = 1) [0m
Completed in 0.98456 (1 reqs/sec) | Rendering: 0.98246 (99%) | DB: 0.00081 (0%) | 200 OK [http://localhost/]
