  [4;36;1mSQL (0.000265)[0m   [0;1m SELECT name
 FROM sqlite_master
 WHERE type = 'table' AND NOT name = 'sqlite_sequence'
[0m
  [4;35;1mSQL (0.000095)[0m   [0m SELECT name
 FROM sqlite_master
 WHERE type = 'table' AND NOT name = 'sqlite_sequence'
[0m
  [4;36;1mSQL (0.000156)[0m   [0;1mselect sqlite_version(*)[0m
  [4;36;1mSQL (0.000266)[0m   [0;1m SELECT name
 FROM sqlite_master
 WHERE type = 'table' AND NOT name = 'sqlite_sequence'
[0m
  [4;35;1mSQL (0.000194)[0m   [0mselect sqlite_version(*)[0m
  [4;36;1mSQL (0.001438)[0m   [0;1mCREATE TABLE schema_info (version integer)[0m
  [4;35;1mSQL (0.001056)[0m   [0mINSERT INTO schema_info (version) VALUES(0)[0m
  [4;36;1mSQL (0.000000)[0m   [0;1mSQLite3::SQLException: table schema_info already exists: CREATE TABLE schema_info (version integer)[0m
  [4;35;1mSQL (0.000163)[0m   [0mSELECT version FROM schema_info[0m
Migrating to CreateUsers (1)
  [4;36;1mSQL (0.011221)[0m   [0;1mCREATE TABLE users ("id" INTEGER PRIMARY KEY AUTOINCREMENT NOT NULL, "crypted_password" varchar(40) DEFAULT NULL, "salt" varchar(40) DEFAULT NULL, "remember_token" varchar(255) DEFAULT NULL, "remember_token_expires_at" datetime DEFAULT NULL, "username" varchar(255) DEFAULT NULL, "administrator" boolean DEFAULT 'f', "created_at" datetime DEFAULT NULL, "updated_at" datetime DEFAULT NULL) [0m
  [4;35;1mSQL (0.001016)[0m   [0mUPDATE schema_info SET version = 1[0m
  [4;36;1mSQL (0.000220)[0m   [0;1mSELECT * FROM schema_info[0m
  [4;35;1mSQL (0.000232)[0m   [0m SELECT name
 FROM sqlite_master
 WHERE type = 'table' AND NOT name = 'sqlite_sequence'
[0m
  [4;36;1mSQL (0.000059)[0m   [0;1mPRAGMA index_list(users)[0m
  [4;36;1mSQL (0.000510)[0m   [0;1m SELECT name
 FROM sqlite_master
 WHERE type = 'table' AND NOT name = 'sqlite_sequence'
[0m
  [4;35;1mSQL (0.000208)[0m   [0m SELECT name
 FROM sqlite_master
 WHERE type = 'table' AND NOT name = 'sqlite_sequence'
[0m
  [4;36;1mSQL (0.000121)[0m   [0;1mselect sqlite_version(*)[0m
  [4;36;1mSQL (0.000562)[0m   [0;1m SELECT name
 FROM sqlite_master
 WHERE type = 'table' AND NOT name = 'sqlite_sequence'
[0m
  [4;35;1mSQL (0.000253)[0m   [0m SELECT name
 FROM sqlite_master
 WHERE type = 'table' AND NOT name = 'sqlite_sequence'
[0m
  [4;36;1mSQL (0.000112)[0m   [0;1mselect sqlite_version(*)[0m
  [4;36;1mSQL (0.000559)[0m   [0;1m SELECT name
 FROM sqlite_master
 WHERE type = 'table' AND NOT name = 'sqlite_sequence'
[0m
  [4;35;1mSQL (0.000159)[0m   [0mselect sqlite_version(*)[0m
  [4;36;1mSQL (0.000000)[0m   [0;1mSQLite3::SQLException: table schema_info already exists: CREATE TABLE schema_info (version integer)[0m
  [4;35;1mSQL (0.000000)[0m   [0mSQLite3::SQLException: table schema_info already exists: CREATE TABLE schema_info (version integer)[0m
  [4;36;1mSQL (0.000175)[0m   [0;1mSELECT version FROM schema_info[0m
  [4;35;1mSQL (0.000150)[0m   [0mSELECT version FROM schema_info[0m
  [4;36;1mSQL (0.000148)[0m   [0;1mSELECT version FROM schema_info[0m
Migrating to MeetingsBelongToUsers (3)
  [4;35;1mSQL (0.001427)[0m   [0mALTER TABLE meetings ADD "user_id" integer[0m
  [4;36;1mSQL (0.002713)[0m   [0;1mVACUUM[0m
  [4;35;1mSQL (0.015173)[0m   [0mUPDATE schema_info SET version = 3[0m
  [4;36;1mSQL (0.000232)[0m   [0;1mSELECT * FROM schema_info[0m
  [4;35;1mSQL (0.000249)[0m   [0m SELECT name
 FROM sqlite_master
 WHERE type = 'table' AND NOT name = 'sqlite_sequence'
[0m
  [4;36;1mSQL (0.000053)[0m   [0;1mPRAGMA index_list(meetings)[0m
  [4;35;1mSQL (0.000053)[0m   [0mPRAGMA index_list(users)[0m
  [4;36;1mSQL (0.000569)[0m   [0;1m SELECT name
 FROM sqlite_master
 WHERE type = 'table' AND NOT name = 'sqlite_sequence'
[0m


Processing FrontController#index (for 127.0.0.1 at 2008-05-19 17:25:09) [GET]
  Session ID: BAh7CToMY3NyZl9pZCIlMmQyZTk5NmI0ZmY1YjFkYjUyYjdmMTYxMTJhMDA3%0AN2E6CXVzZXIiC3VzZXJfMToOcmV0dXJuX3RvMCIKZmxhc2hJQzonQWN0aW9u%0AQ29udHJvbGxlcjo6Rmxhc2g6OkZsYXNoSGFzaHsABjoKQHVzZWR7AA%3D%3D--9ea48cfc8a5a1152a73259f90ea1673730568ed4
  Parameters: {"action"=>"index", "controller"=>"front"}
Rendering front/index
  DRYML: Compiled /Library/Ruby/Gems/1.8/gems/hobo-0.7.5/lib/../taglibs/core.dryml in 0.01s
  DRYML: Compiled /Library/Ruby/Gems/1.8/gems/hobo-0.7.5/lib/../taglibs/rapid_support.dryml in 0.01s
  DRYML: Compiled /Library/Ruby/Gems/1.8/gems/hobo-0.7.5/lib/../taglibs/rapid_document_tags.dryml in 0.03s
  DRYML: Compiled /Library/Ruby/Gems/1.8/gems/hobo-0.7.5/lib/../taglibs/rapid_pages.dryml in 0.37s
  DRYML: Compiled /Library/Ruby/Gems/1.8/gems/hobo-0.7.5/lib/../taglibs/rapid_editing.dryml in 0.05s
  DRYML: Compiled /Library/Ruby/Gems/1.8/gems/hobo-0.7.5/lib/../taglibs/rapid_forms.dryml in 0.07s
  DRYML: Compiled /Library/Ruby/Gems/1.8/gems/hobo-0.7.5/lib/../taglibs/rapid_navigation.dryml in 0.10s
  DRYML: Compiled /Library/Ruby/Gems/1.8/gems/hobo-0.7.5/lib/../taglibs/rapid_plus.dryml in 0.03s
  DRYML: Compiled /Library/Ruby/Gems/1.8/gems/hobo-0.7.5/lib/../taglibs/rapid_generics.dryml in 0.11s
  DRYML: Compiled /Library/Ruby/Gems/1.8/gems/hobo-0.7.5/lib/../taglibs/rapid.dryml in 0.92s
  DRYML: Compiled /app/views/taglibs/themes/clean/clean.dryml in 0.01s
  DRYML: Compiled /app/views/taglibs/application.dryml in 0.93s
  DRYML: Compiled app/views/front/index.dryml in 0.95s
  [4;35;1mUser Load (0.000184)[0m   [0mSELECT * FROM users WHERE (users."id" = 1) [0m
Completed in 0.96056 (1 reqs/sec) | Rendering: 0.95905 (99%) | DB: 0.00075 (0%) | 200 OK [http://localhost/]
  [4;36;1mSQL (0.000567)[0m   [0;1m SELECT name
 FROM sqlite_master
 WHERE type = 'table' AND NOT name = 'sqlite_sequence'
[0m


Processing FrontController#index (for 127.0.0.1 at 2008-05-19 17:26:55) [GET]
  Session ID: BAh7CToMY3NyZl9pZCIlMmQyZTk5NmI0ZmY1YjFkYjUyYjdmMTYxMTJhMDA3%0AN2E6CXVzZXIiC3VzZXJfMToOcmV0dXJuX3RvMCIKZmxhc2hJQzonQWN0aW9u%0AQ29udHJvbGxlcjo6Rmxhc2g6OkZsYXNoSGFzaHsABjoKQHVzZWR7AA%3D%3D--9ea48cfc8a5a1152a73259f90ea1673730568ed4
  Parameters: {"action"=>"index", "controller"=>"front"}
Rendering front/index
  DRYML: Compiled /Library/Ruby/Gems/1.8/gems/hobo-0.7.5/lib/../taglibs/core.dryml in 0.01s
  DRYML: Compiled /Library/Ruby/Gems/1.8/gems/hobo-0.7.5/lib/../taglibs/rapid_support.dryml in 0.01s
  DRYML: Compiled /Library/Ruby/Gems/1.8/gems/hobo-0.7.5/lib/../taglibs/rapid_document_tags.dryml in 0.03s
  DRYML: Compiled /Library/Ruby/Gems/1.8/gems/hobo-0.7.5/lib/../taglibs/rapid_pages.dryml in 0.36s
  DRYML: Compiled /Library/Ruby/Gems/1.8/gems/hobo-0.7.5/lib/../taglibs/rapid_editing.dryml in 0.05s
  DRYML: Compiled /Library/Ruby/Gems/1.8/gems/hobo-0.7.5/lib/../taglibs/rapid_forms.dryml in 0.12s
  DRYML: Compiled /Library/Ruby/Gems/1.8/gems/hobo-0.7.5/lib/../taglibs/rapid_navigation.dryml in 0.04s
  DRYML: Compiled /Library/Ruby/Gems/1.8/gems/hobo-0.7.5/lib/../taglibs/rapid_plus.dryml in 0.03s
  DRYML: Compiled /Library/Ruby/Gems/1.8/gems/hobo-0.7.5/lib/../taglibs/rapid_generics.dryml in 0.11s
  DRYML: Compiled /Library/Ruby/Gems/1.8/gems/hobo-0.7.5/lib/../taglibs/rapid.dryml in 0.92s
  DRYML: Compiled /app/views/taglibs/themes/clean/clean.dryml in 0.01s
  DRYML: Compiled /app/views/taglibs/application.dryml in 0.93s
  DRYML: Compiled app/views/front/index.dryml in 0.95s
  [4;35;1mUser Load (0.000184)[0m   [0mSELECT * FROM users WHERE (users."id" = 1) [0m
  [4;36;1mMeeting Load (0.000121)[0m   [0;1mSELECT * FROM meetings LIMIT 6[0m
Completed in 0.97108 (1 reqs/sec) | Rendering: 0.96941 (99%) | DB: 0.00087 (0%) | 200 OK [http://localhost/]
  [4;35;1mSQL (0.000447)[0m   [0m SELECT name
 FROM sqlite_master
 WHERE type = 'table' AND NOT name = 'sqlite_sequence'
[0m


Processing UsersController#signup (for 127.0.0.1 at 2008-05-19 17:27:09) [GET]
  Session ID: BAh7CToMY3NyZl9pZCIlMmQyZTk5NmI0ZmY1YjFkYjUyYjdmMTYxMTJhMDA3%0AN2E6CXVzZXIiC3VzZXJfMToOcmV0dXJuX3RvMCIKZmxhc2hJQzonQWN0aW9u%0AQ29udHJvbGxlcjo6Rmxhc2g6OkZsYXNoSGFzaHsABjoKQHVzZWR7AA%3D%3D--9ea48cfc8a5a1152a73259f90ea1673730568ed4
  Parameters: {"action"=>"signup", "controller"=>"users"}
  [4;36;1mUser Load (0.000190)[0m   [0;1mSELECT * FROM users WHERE (users."id" = 1) [0m
  DRYML: Compiled /Library/Ruby/Gems/1.8/gems/hobo-0.7.5/lib/../taglibs/core.dryml in 0.01s
  DRYML: Compiled /Library/Ruby/Gems/1.8/gems/hobo-0.7.5/lib/../taglibs/rapid_support.dryml in 0.01s
  DRYML: Compiled /Library/Ruby/Gems/1.8/gems/hobo-0.7.5/lib/../taglibs/rapid_document_tags.dryml in 0.08s
  DRYML: Compiled /Library/Ruby/Gems/1.8/gems/hobo-0.7.5/lib/../taglibs/rapid_pages.dryml in 0.33s
  DRYML: Compiled /Library/Ruby/Gems/1.8/gems/hobo-0.7.5/lib/../taglibs/rapid_editing.dryml in 0.05s
  DRYML: Compiled /Library/Ruby/Gems/1.8/gems/hobo-0.7.5/lib/../taglibs/rapid_forms.dryml in 0.13s
  DRYML: Compiled /Library/Ruby/Gems/1.8/gems/hobo-0.7.5/lib/../taglibs/rapid_navigation.dryml in 0.04s
  DRYML: Compiled /Library/Ruby/Gems/1.8/gems/hobo-0.7.5/lib/../taglibs/rapid_plus.dryml in 0.03s
  DRYML: Compiled /Library/Ruby/Gems/1.8/gems/hobo-0.7.5/lib/../taglibs/rapid_generics.dryml in 0.11s
  DRYML: Compiled /Library/Ruby/Gems/1.8/gems/hobo-0.7.5/lib/../taglibs/rapid.dryml in 0.95s
  DRYML: Compiled (from cache) /app/views/taglibs/themes/clean/clean.dryml in 0.00s
  DRYML: Compiled (from cache) /app/views/taglibs/application.dryml in 0.95s
  DRYML: Compiled /Library/Ruby/Gems/1.8/gems/hobo-0.7.5/lib/../taglibs/rapid_user_pages.dryml in 0.06s
  DRYML: Compiled users/[tag-page] in 1.02s
Completed in 1.11275 (0 reqs/sec) | Rendering: 1.10681 (99%) | DB: 0.00064 (0%) | 200 OK [http://localhost/signup]
  [4;35;1mSQL (0.000452)[0m   [0m SELECT name
 FROM sqlite_master
 WHERE type = 'table' AND NOT name = 'sqlite_sequence'
[0m


Processing UsersController#signup (for 127.0.0.1 at 2008-05-19 17:27:16) [POST]
  Session ID: BAh7CToMY3NyZl9pZCIlMmQyZTk5NmI0ZmY1YjFkYjUyYjdmMTYxMTJhMDA3%0AN2E6CXVzZXIiC3VzZXJfMToOcmV0dXJuX3RvMCIKZmxhc2hJQzonQWN0aW9u%0AQ29udHJvbGxlcjo6Rmxhc2g6OkZsYXNoSGFzaHsABjoKQHVzZWR7AA%3D%3D--9ea48cfc8a5a1152a73259f90ea1673730568ed4
  Parameters: {"user"=>{"password_confirmation"=>"[FILTERED]", "password"=>"[FILTERED]", "login"=>"drnic"}, "page_path"=>"users/signup", "action"=>"signup", "authenticity_token"=>"84239c0afb1c6a154c9994422dd27a688a043abd", "controller"=>"users"}
  [4;36;1mUser Load (0.000170)[0m   [0;1mSELECT * FROM users WHERE (users."id" = 1) [0m
  [4;35;1mUser Load (0.000200)[0m   [0mSELECT * FROM users WHERE (LOWER(users.username) = 'drnic') LIMIT 1[0m
  [4;36;1mSQL (0.000150)[0m   [0;1mSELECT count(*) AS count_all FROM users [0m
  [4;35;1mUser Create (0.000485)[0m   [0mINSERT INTO users ("salt", "updated_at", "crypted_password", "remember_token_expires_at", "username", "administrator", "remember_token", "created_at") VALUES('c5f4e816f69eee658db07091bc09da8a7ba87ea9', '2008-05-19 17:27:16', '7543aca85fe2eba007e9cdf93ad89563173cf59d', NULL, 'drnic', 't', NULL, '2008-05-19 17:27:16')[0m
Redirected to http://localhost:3000
Completed in 0.00997 (100 reqs/sec) | DB: 0.00146 (14%) | 302 Found [http://localhost/signup]


Processing FrontController#index (for 127.0.0.1 at 2008-05-19 17:27:16) [GET]
  Session ID: BAh7CToMY3NyZl9pZCIlMmQyZTk5NmI0ZmY1YjFkYjUyYjdmMTYxMTJhMDA3%0AN2E6CXVzZXIiC3VzZXJfMToOcmV0dXJuX3RvMCIKZmxhc2hJQzonQWN0aW9u%0AQ29udHJvbGxlcjo6Rmxhc2g6OkZsYXNoSGFzaHsGOgtub3RpY2UiG1RoYW5r%0AcyBmb3Igc2lnbmluZyB1cCEGOgpAdXNlZHsGOwlU--7c8773e00dd31f9129a285dbb1723bf0e5e44115
  Parameters: {"action"=>"index", "controller"=>"front"}
Rendering front/index
  DRYML: Compiled /Library/Ruby/Gems/1.8/gems/hobo-0.7.5/lib/../taglibs/core.dryml in 0.01s
  DRYML: Compiled /Library/Ruby/Gems/1.8/gems/hobo-0.7.5/lib/../taglibs/rapid_support.dryml in 0.01s
  DRYML: Compiled /Library/Ruby/Gems/1.8/gems/hobo-0.7.5/lib/../taglibs/rapid_document_tags.dryml in 0.03s
  DRYML: Compiled /Library/Ruby/Gems/1.8/gems/hobo-0.7.5/lib/../taglibs/rapid_pages.dryml in 0.38s
  DRYML: Compiled /Library/Ruby/Gems/1.8/gems/hobo-0.7.5/lib/../taglibs/rapid_editing.dryml in 0.05s
  DRYML: Compiled /Library/Ruby/Gems/1.8/gems/hobo-0.7.5/lib/../taglibs/rapid_forms.dryml in 0.07s
  DRYML: Compiled /Library/Ruby/Gems/1.8/gems/hobo-0.7.5/lib/../taglibs/rapid_navigation.dryml in 0.11s
  DRYML: Compiled /Library/Ruby/Gems/1.8/gems/hobo-0.7.5/lib/../taglibs/rapid_plus.dryml in 0.03s
  DRYML: Compiled /Library/Ruby/Gems/1.8/gems/hobo-0.7.5/lib/../taglibs/rapid_generics.dryml in 0.11s
  DRYML: Compiled /Library/Ruby/Gems/1.8/gems/hobo-0.7.5/lib/../taglibs/rapid.dryml in 0.96s
  DRYML: Compiled (from cache) /app/views/taglibs/themes/clean/clean.dryml in 0.00s
  DRYML: Compiled (from cache) /app/views/taglibs/application.dryml in 0.96s
  DRYML: Compiled (from cache) app/views/front/index.dryml in 0.97s
  [4;36;1mSQL (0.000500)[0m   [0;1m SELECT name
 FROM sqlite_master
 WHERE type = 'table' AND NOT name = 'sqlite_sequence'
[0m
  [4;35;1mUser Load (0.000279)[0m   [0mSELECT * FROM users WHERE (users."id" = 1) [0m
  [4;36;1mMeeting Load (0.000141)[0m   [0;1mSELECT * FROM meetings LIMIT 6[0m
Completed in 1.01294 (0 reqs/sec) | Rendering: 1.01074 (99%) | DB: 0.00092 (0%) | 200 OK [http://localhost/]


Processing FrontController#index (for 127.0.0.1 at 2008-05-19 17:27:35) [GET]
  Session ID: BAh7CToMY3NyZl9pZCIlMmQyZTk5NmI0ZmY1YjFkYjUyYjdmMTYxMTJhMDA3%0AN2E6CXVzZXIiC3VzZXJfMToOcmV0dXJuX3RvMCIKZmxhc2hJQzonQWN0aW9u%0AQ29udHJvbGxlcjo6Rmxhc2g6OkZsYXNoSGFzaHsABjoKQHVzZWR7AA%3D%3D--9ea48cfc8a5a1152a73259f90ea1673730568ed4
  Parameters: {"action"=>"index", "controller"=>"front"}
Rendering front/index
  DRYML: Compiled /Library/Ruby/Gems/1.8/gems/hobo-0.7.5/lib/../taglibs/core.dryml in 0.01s
  DRYML: Compiled /Library/Ruby/Gems/1.8/gems/hobo-0.7.5/lib/../taglibs/rapid_support.dryml in 0.01s
  DRYML: Compiled /Library/Ruby/Gems/1.8/gems/hobo-0.7.5/lib/../taglibs/rapid_document_tags.dryml in 0.03s
  DRYML: Compiled /Library/Ruby/Gems/1.8/gems/hobo-0.7.5/lib/../taglibs/rapid_pages.dryml in 0.39s
  DRYML: Compiled /Library/Ruby/Gems/1.8/gems/hobo-0.7.5/lib/../taglibs/rapid_editing.dryml in 0.05s
  DRYML: Compiled /Library/Ruby/Gems/1.8/gems/hobo-0.7.5/lib/../taglibs/rapid_forms.dryml in 0.08s
  DRYML: Compiled /Library/Ruby/Gems/1.8/gems/hobo-0.7.5/lib/../taglibs/rapid_navigation.dryml in 0.12s
  DRYML: Compiled /Library/Ruby/Gems/1.8/gems/hobo-0.7.5/lib/../taglibs/rapid_plus.dryml in 0.03s
  DRYML: Compiled /Library/Ruby/Gems/1.8/gems/hobo-0.7.5/lib/../taglibs/rapid_generics.dryml in 0.11s
  DRYML: Compiled /Library/Ruby/Gems/1.8/gems/hobo-0.7.5/lib/../taglibs/rapid.dryml in 1.00s
  DRYML: Compiled (from cache) /app/views/taglibs/themes/clean/clean.dryml in 0.00s
  DRYML: Compiled (from cache) /app/views/taglibs/application.dryml in 1.00s
  DRYML: Compiled (from cache) app/views/front/index.dryml in 1.01s
  [4;35;1mSQL (0.000504)[0m   [0m SELECT name
 FROM sqlite_master
 WHERE type = 'table' AND NOT name = 'sqlite_sequence'
[0m
  [4;36;1mUser Load (0.000341)[0m   [0;1mSELECT * FROM users WHERE (users."id" = 1) [0m
  [4;35;1mMeeting Load (0.000156)[0m   [0mSELECT * FROM meetings LIMIT 6[0m
Completed in 1.05615 (0 reqs/sec) | Rendering: 1.05351 (99%) | DB: 0.00100 (0%) | 200 OK [http://localhost/]


Processing MeetingsController#new (for 127.0.0.1 at 2008-05-19 17:29:39) [GET]
  Session ID: BAh7CToMY3NyZl9pZCIlMmQyZTk5NmI0ZmY1YjFkYjUyYjdmMTYxMTJhMDA3%0AN2E6CXVzZXIiC3VzZXJfMToOcmV0dXJuX3RvMCIKZmxhc2hJQzonQWN0aW9u%0AQ29udHJvbGxlcjo6Rmxhc2g6OkZsYXNoSGFzaHsABjoKQHVzZWR7AA%3D%3D--9ea48cfc8a5a1152a73259f90ea1673730568ed4
  Parameters: {"action"=>"new", "controller"=>"meetings"}
  [4;36;1mSQL (0.000261)[0m   [0;1m SELECT name
 FROM sqlite_master
 WHERE type = 'table' AND NOT name = 'sqlite_sequence'
[0m
  [4;35;1mUser Load (0.000272)[0m   [0mSELECT * FROM users WHERE (users."id" = 1) [0m
  DRYML: Compiled /Library/Ruby/Gems/1.8/gems/hobo-0.7.5/lib/../taglibs/core.dryml in 0.01s
  DRYML: Compiled /Library/Ruby/Gems/1.8/gems/hobo-0.7.5/lib/../taglibs/rapid_support.dryml in 0.01s
  DRYML: Compiled /Library/Ruby/Gems/1.8/gems/hobo-0.7.5/lib/../taglibs/rapid_document_tags.dryml in 0.09s
  DRYML: Compiled /Library/Ruby/Gems/1.8/gems/hobo-0.7.5/lib/../taglibs/rapid_pages.dryml in 0.33s
  DRYML: Compiled /Library/Ruby/Gems/1.8/gems/hobo-0.7.5/lib/../taglibs/rapid_editing.dryml in 0.05s
  DRYML: Compiled /Library/Ruby/Gems/1.8/gems/hobo-0.7.5/lib/../taglibs/rapid_forms.dryml in 0.13s
  DRYML: Compiled /Library/Ruby/Gems/1.8/gems/hobo-0.7.5/lib/../taglibs/rapid_navigation.dryml in 0.04s
  DRYML: Compiled /Library/Ruby/Gems/1.8/gems/hobo-0.7.5/lib/../taglibs/rapid_plus.dryml in 0.03s
  DRYML: Compiled /Library/Ruby/Gems/1.8/gems/hobo-0.7.5/lib/../taglibs/rapid_generics.dryml in 0.12s
  DRYML: Compiled /Library/Ruby/Gems/1.8/gems/hobo-0.7.5/lib/../taglibs/rapid.dryml in 0.98s
  DRYML: Compiled (from cache) /app/views/taglibs/themes/clean/clean.dryml in 0.00s
  DRYML: Compiled (from cache) /app/views/taglibs/application.dryml in 0.98s
  DRYML: Compiled meetings/[tag-page] in 0.99s
Completed in 1.03051 (0 reqs/sec) | Rendering: 1.01514 (98%) | DB: 0.00053 (0%) | 200 OK [http://localhost/meetings/new]


Processing MeetingsController#create (for 127.0.0.1 at 2008-05-19 17:31:03) [POST]
  Session ID: BAh7CToMY3NyZl9pZCIlMmQyZTk5NmI0ZmY1YjFkYjUyYjdmMTYxMTJhMDA3%0AN2E6CXVzZXIiC3VzZXJfMToOcmV0dXJuX3RvMCIKZmxhc2hJQzonQWN0aW9u%0AQ29udHJvbGxlcjo6Rmxhc2g6OkZsYXNoSGFzaHsABjoKQHVzZWR7AA%3D%3D--9ea48cfc8a5a1152a73259f90ea1673730568ed4
  Parameters: {"page_path"=>"meetings/new", "authenticity_token"=>"84239c0afb1c6a154c9994422dd27a688a043abd", "action"=>"create", "meeting"=>{"title"=>"Brisbane Ruby meeting", "body"=>"Cool stuff:\r\n\r\n* Hobo\r\n* Haml/Sass", "date"=>{"month"=>"5", "minute"=>"29", "hour"=>"17", "day"=>"19", "year"=>"2008"}, "user_id"=>"1"}, "controller"=>"meetings"}
  [4;36;1mSQL (0.000276)[0m   [0;1m SELECT name
 FROM sqlite_master
 WHERE type = 'table' AND NOT name = 'sqlite_sequence'
[0m
  [4;35;1mUser Load (0.000266)[0m   [0mSELECT * FROM users WHERE (users."id" = 1) [0m
  [4;36;1mCACHE (0.000000)[0m   [0;1mSELECT * FROM users WHERE (users."id" = 1) [0m
  [4;35;1mMeeting Create (0.000350)[0m   [0mINSERT INTO meetings ("updated_at", "body", "title", "date", "user_id", "created_at") VALUES('2008-05-19 17:31:03', 'Cool stuff:

* Hobo
* Haml/Sass', 'Brisbane Ruby meeting', '2008-05-19 17:29:00', 1, '2008-05-19 17:31:03')[0m
Redirected to http://localhost:3000/meetings/1
Completed in 0.01914 (52 reqs/sec) | DB: 0.00089 (4%) | 302 Found [http://localhost/meetings]


Processing MeetingsController#show (for 127.0.0.1 at 2008-05-19 17:31:03) [GET]
  Session ID: BAh7CToMY3NyZl9pZCIlMmQyZTk5NmI0ZmY1YjFkYjUyYjdmMTYxMTJhMDA3%0AN2E6CXVzZXIiC3VzZXJfMToOcmV0dXJuX3RvMCIKZmxhc2hJQzonQWN0aW9u%0AQ29udHJvbGxlcjo6Rmxhc2g6OkZsYXNoSGFzaHsGOgtub3RpY2UiKVRoZSBt%0AZWV0aW5nIHdhcyBjcmVhdGVkIHN1Y2Nlc3NmdWxseQY6CkB1c2VkewY7CVQ%3D--a43149132449934f90c2180816d1b2f07f59b2bf
  Parameters: {"action"=>"show", "id"=>"1", "controller"=>"meetings"}
  [4;36;1mSQL (0.000499)[0m   [0;1m SELECT name
 FROM sqlite_master
 WHERE type = 'table' AND NOT name = 'sqlite_sequence'
[0m
  [4;35;1mUser Load (0.000265)[0m   [0mSELECT * FROM users WHERE (users."id" = 1) [0m
  [4;36;1mMeeting Load (0.000236)[0m   [0;1mSELECT * FROM meetings WHERE (meetings."id" = 1) [0m
  DRYML: Compiled /Library/Ruby/Gems/1.8/gems/hobo-0.7.5/lib/../taglibs/core.dryml in 0.01s
  DRYML: Compiled /Library/Ruby/Gems/1.8/gems/hobo-0.7.5/lib/../taglibs/rapid_support.dryml in 0.01s
  DRYML: Compiled /Library/Ruby/Gems/1.8/gems/hobo-0.7.5/lib/../taglibs/rapid_document_tags.dryml in 0.03s
  DRYML: Compiled /Library/Ruby/Gems/1.8/gems/hobo-0.7.5/lib/../taglibs/rapid_pages.dryml in 0.34s
  DRYML: Compiled /Library/Ruby/Gems/1.8/gems/hobo-0.7.5/lib/../taglibs/rapid_editing.dryml in 0.11s
  DRYML: Compiled /Library/Ruby/Gems/1.8/gems/hobo-0.7.5/lib/../taglibs/rapid_forms.dryml in 0.07s
  DRYML: Compiled /Library/Ruby/Gems/1.8/gems/hobo-0.7.5/lib/../taglibs/rapid_navigation.dryml in 0.11s
  DRYML: Compiled /Library/Ruby/Gems/1.8/gems/hobo-0.7.5/lib/../taglibs/rapid_plus.dryml in 0.03s
  DRYML: Compiled /Library/Ruby/Gems/1.8/gems/hobo-0.7.5/lib/../taglibs/rapid_generics.dryml in 0.06s
  DRYML: Compiled /Library/Ruby/Gems/1.8/gems/hobo-0.7.5/lib/../taglibs/rapid.dryml in 0.92s
  DRYML: Compiled (from cache) /app/views/taglibs/themes/clean/clean.dryml in 0.00s
  DRYML: Compiled (from cache) /app/views/taglibs/application.dryml in 0.92s
  DRYML: Compiled meetings/[tag-page] in 0.94s
  [4;35;1mCACHE (0.000000)[0m   [0mSELECT * FROM users WHERE (users."id" = 1) [0m
Completed in 1.05188 (0 reqs/sec) | Rendering: 1.03611 (98%) | DB: 0.00100 (0%) | 200 OK [http://localhost/meetings/1]


Processing MeetingsController#index (for 127.0.0.1 at 2008-05-19 17:31:07) [GET]
  Session ID: BAh7CToMY3NyZl9pZCIlMmQyZTk5NmI0ZmY1YjFkYjUyYjdmMTYxMTJhMDA3%0AN2E6CXVzZXIiC3VzZXJfMToOcmV0dXJuX3RvMCIKZmxhc2hJQzonQWN0aW9u%0AQ29udHJvbGxlcjo6Rmxhc2g6OkZsYXNoSGFzaHsABjoKQHVzZWR7AA%3D%3D--9ea48cfc8a5a1152a73259f90ea1673730568ed4
  Parameters: {"action"=>"index", "controller"=>"meetings"}
  [4;36;1mMeeting Load (0.000552)[0m   [0;1mSELECT * FROM meetings LIMIT 30 OFFSET 0[0m
  DRYML: Compiled /Library/Ruby/Gems/1.8/gems/hobo-0.7.5/lib/../taglibs/core.dryml in 0.01s
  DRYML: Compiled /Library/Ruby/Gems/1.8/gems/hobo-0.7.5/lib/../taglibs/rapid_support.dryml in 0.01s
  DRYML: Compiled /Library/Ruby/Gems/1.8/gems/hobo-0.7.5/lib/../taglibs/rapid_document_tags.dryml in 0.03s
  DRYML: Compiled /Library/Ruby/Gems/1.8/gems/hobo-0.7.5/lib/../taglibs/rapid_pages.dryml in 0.37s
  DRYML: Compiled /Library/Ruby/Gems/1.8/gems/hobo-0.7.5/lib/../taglibs/rapid_editing.dryml in 0.11s
  DRYML: Compiled /Library/Ruby/Gems/1.8/gems/hobo-0.7.5/lib/../taglibs/rapid_forms.dryml in 0.07s
  DRYML: Compiled /Library/Ruby/Gems/1.8/gems/hobo-0.7.5/lib/../taglibs/rapid_navigation.dryml in 0.11s
  DRYML: Compiled /Library/Ruby/Gems/1.8/gems/hobo-0.7.5/lib/../taglibs/rapid_plus.dryml in 0.03s
  DRYML: Compiled /Library/Ruby/Gems/1.8/gems/hobo-0.7.5/lib/../taglibs/rapid_generics.dryml in 0.05s
  DRYML: Compiled /Library/Ruby/Gems/1.8/gems/hobo-0.7.5/lib/../taglibs/rapid.dryml in 0.96s
  DRYML: Compiled (from cache) /app/views/taglibs/themes/clean/clean.dryml in 0.00s
  DRYML: Compiled (from cache) /app/views/taglibs/application.dryml in 0.96s
  DRYML: Compiled meetings/[tag-page] in 0.97s
  [4;35;1mSQL (0.000313)[0m   [0m SELECT name
 FROM sqlite_master
 WHERE type = 'table' AND NOT name = 'sqlite_sequence'
[0m
  [4;36;1mUser Load (0.000285)[0m   [0;1mSELECT * FROM users WHERE (users."id" = 1) [0m
  [4;35;1mCACHE (0.000000)[0m   [0mSELECT * FROM users WHERE (users."id" = 1) [0m
Completed in 1.08141 (0 reqs/sec) | Rendering: 1.07824 (99%) | DB: 0.00055 (0%) | 200 OK [http://localhost/meetings]
